2026-07-21 16:20:46 [SERVER] Player uria created room RM-1001 ("the_best_room") as WHITE.
2026-07-21 16:21:12 [SERVER] Player david created room RM-1002 ("the_best_room") as WHITE.
2026-07-21 16:21:21 [SERVER] Player david failed to join room the_best_room (Not Found).
2026-07-21 16:21:39 [SERVER] Player uria failed to join room the_best_room (Not Found).
2026-07-21 16:21:53 [SERVER] Player uria created room RM-1003 ("the_best_room") as WHITE.
2026-07-21 16:22:09 [SERVER] Player david failed to join room the_best_room (Not Found).
2026-07-21 16:23:11 [SERVER] Player david created room RM-1004 ("aaaa") as WHITE.
2026-07-21 16:23:17 [SERVER] Player uria failed to join room aaaa (Not Found).
2026-07-21 16:23:24 [SERVER] Player uria failed to join room aaaa (Not Found).
2026-07-21 16:26:56 [SERVER] Player Dan created room RM-1001 ("best_room") as WHITE.
2026-07-21 16:27:04 [SERVER] Player Spectator failed to join room best_room (Not Found).
2026-07-21 16:27:15 [SERVER] Player Spectator failed to join room best_room (Not Found).
2026-07-21 16:30:49 [SERVER] Player shira created room RM-1001 ("R1") as WHITE.
2026-07-21 16:31:11 [SERVER] Player uria failed to join room R1 (Not Found).
2026-07-21 16:40:47 [SERVER] Player shira created room RM-1001 ("R2") as WHITE.
2026-07-21 16:40:57 [SERVER] Player uria failed to join room R2 (Not Found).
2026-07-21 16:55:11 [SERVER] Player uria created room RM-1001 ("R3") as WHITE.
2026-07-21 16:55:19 [SERVER] Player yael failed to join room R3 (Not Found).
2026-07-21 16:55:42 [SERVER] Player uria created room RM-1002 ("R4") as WHITE.
2026-07-21 16:55:59 [SERVER] Player yael failed to join room R4 (Not Found).
2026-07-21 17:01:07 [SERVER] Player shira created room RM-1001 ("P") as WHITE.
2026-07-21 17:01:11 [SERVER] Player uria failed to join room P (Not Found).
2026-07-21 17:02:12 [SERVER] Player yael failed to join room P (Not Found).
2026-07-21 17:02:20 [SERVER] Player yael failed to join room P (Not Found).
2026-07-21 17:02:49 [SERVER] Player uria created room RM-1001 ("R5") as WHITE.
2026-07-21 17:02:59 [SERVER] Player shira failed to join room R5 (Not Found).
2026-07-21 17:11:25 [SERVER] Player shira created room RM-1001 ("W") as WHITE.
2026-07-21 17:11:37 [SERVER] Player uria failed to join room W (Not Found).
2026-07-21 17:11:42 [SERVER] Player uria failed to join room W (Not Found).
2026-07-21 17:11:58 [SERVER] Move requested by shira (WHITE) in room RM-1001 from (6,3) to (4,3).
2026-07-21 17:12:00 [SERVER] Move requested by shira (WHITE) in room RM-1001 from (6,4) to (5,4).
2026-07-21 17:12:05 [SERVER] Move requested by shira (WHITE) in room RM-1001 from (6,5) to (5,5).
2026-07-21 17:12:07 [SERVER] Move requested by shira (WHITE) in room RM-1001 from (6,6) to (4,6).
2026-07-21 17:12:09 [SERVER] Move requested by shira (WHITE) in room RM-1001 from (6,7) to (5,7).
2026-07-21 17:12:12 [SERVER] Move requested by shira (WHITE) in room RM-1001 from (6,1) to (5,1).
2026-07-21 17:12:13 [SERVER] Move requested by shira (WHITE) in room RM-1001 from (6,2) to (5,2).
2026-07-21 17:20:33 [SERVER] Player shira created room RM-1001 ("B") as WHITE.
2026-07-21 17:20:37 [SERVER] Player uria joined room RM-1001 as BLACK. Game started!
2026-07-21 17:20:41 [SERVER] Move requested by shira (WHITE) in room RM-1001 from (6,2) to (4,2).
2026-07-21 17:20:44 [SERVER] Move requested by uria (BLACK) in room RM-1001 from (1,3) to (3,3).
2026-07-21 17:20:50 [SERVER] Move requested by shira (WHITE) in room RM-1001 from (6,3) to (5,3).
2026-07-21 17:21:00 [SERVER] Move requested by shira (WHITE) in room RM-1001 from (4,2) to (3,3).
2026-07-21 17:21:07 [SERVER] Move requested by uria (BLACK) in room RM-1001 from (1,4) to (2,4).
2026-07-21 17:21:30 [SERVER] Move requested by uria (BLACK) in room RM-1001 from (0,3) to (3,3).
2026-07-21 17:50:50 [SERVER] Player shira created room RM-1001 ("quin") as WHITE.
2026-07-21 17:50:56 [SERVER] Player uria joined room RM-1001 as BLACK. Game started!
2026-07-21 17:50:59 [SERVER] Move requested by shira (WHITE) in room RM-1001 from (6,3) to (4,3).
2026-07-21 17:51:02 [SERVER] Move requested by uria (BLACK) in room RM-1001 from (1,3) to (3,3).
2026-07-21 17:51:05 [SERVER] Move requested by uria (BLACK) in room RM-1001 from (1,2) to (2,2).
2026-07-21 17:51:08 [SERVER] Move requested by shira (WHITE) in room RM-1001 from (6,5) to (4,5).
2026-07-21 17:51:10 [SERVER] Move requested by shira (WHITE) in room RM-1001 from (6,2) to (5,2).
2026-07-21 17:51:11 [SERVER] Move requested by shira (WHITE) in room RM-1001 from (6,1) to (5,1).
2026-07-21 17:51:15 [SERVER] Move requested by uria (BLACK) in room RM-1001 from (1,4) to (2,4).
2026-07-21 17:51:24 [SERVER] Move requested by uria (BLACK) in room RM-1001 from (2,2) to (3,2).
2026-07-21 17:51:27 [SERVER] Move requested by shira (WHITE) in room RM-1001 from (4,3) to (3,2).
2026-07-21 17:58:25 [SERVER] Player shira created room RM-1001 ("Y") as WHITE.
2026-07-21 17:58:33 [SERVER] Player uria joined room RM-1001 as BLACK. Game started!
2026-07-21 17:58:39 [SERVER] Move requested by uria (BLACK) in room RM-1001 from (1,3) to (3,3).
2026-07-21 17:58:43 [SERVER] Move requested by shira (WHITE) in room RM-1001 from (6,4) to (4,4).
2026-07-21 17:58:48 [SERVER] Move requested by shira (WHITE) in room RM-1001 from (6,5) to (5,5).
2026-07-21 17:58:53 [SERVER] Move requested by uria (BLACK) in room RM-1001 from (1,5) to (3,5).
2026-07-21 18:03:22 [SERVER] Player yael created room RM-1001 ("L") as WHITE.
2026-07-21 18:03:27 [SERVER] Player uria joined room RM-1001 as BLACK. Game started!
2026-07-21 18:03:53 [SERVER] Move requested by yael (WHITE) in room RM-1001 from (6,2) to (4,2).
2026-07-21 18:03:58 [SERVER] Move requested by uria (BLACK) in room RM-1001 from (1,3) to (3,3).
2026-07-21 18:04:18 [SERVER] Move requested by yael (WHITE) in room RM-1001 from (4,2) to (3,3).
2026-07-21 18:04:28 [SERVER] Player shira joined room RM-1001 as VIEWER (Spectator Mode).
2026-07-21 18:04:40 [SERVER] Move requested by yael (WHITE) in room RM-1001 from (6,4) to (4,4).
2026-07-21 18:06:42 [SERVER] Player uria created room RM-1001 ("L") as WHITE.
2026-07-21 18:06:53 [SERVER] Player shira joined room RM-1001 as BLACK. Game started!
2026-07-21 18:07:24 [SERVER] Move requested by uria (WHITE) in room RM-1001 from (6,5) to (4,5).
2026-07-21 18:07:27 [SERVER] Move requested by shira (BLACK) in room RM-1001 from (1,4) to (3,4).
2026-07-21 18:07:43 [SERVER] Move requested by uria (WHITE) in room RM-1001 from (4,5) to (3,4).
2026-07-21 18:14:31 [SERVER] Player shira created room RM-1001 ("A") as WHITE.
2026-07-21 18:14:35 [SERVER] Player uria joined room RM-1001 as BLACK. Game started!
2026-07-21 18:14:40 [SERVER] Move requested by shira (WHITE) in room RM-1001 from (6,5) to (4,5).
2026-07-21 18:14:43 [SERVER] Move requested by uria (BLACK) in room RM-1001 from (1,4) to (3,4).
2026-07-21 18:14:46 [SERVER] Move requested by uria (BLACK) in room RM-1001 from (1,5) to (2,5).
2026-07-21 18:14:48 [SERVER] Move requested by uria (BLACK) in room RM-1001 from (1,6) to (3,6).
2026-07-21 18:14:52 [SERVER] Move requested by shira (WHITE) in room RM-1001 from (6,7) to (4,7).
2026-07-21 18:14:55 [SERVER] Move requested by shira (WHITE) in room RM-1001 from (6,3) to (4,3).
2026-07-21 18:15:13 [SERVER] Move requested by uria (BLACK) in room RM-1001 from (3,4) to (5,5).
2026-07-21 18:15:28 [SERVER] Move requested by shira (WHITE) in room RM-1001 from (6,4) to (4,4).
2026-07-21 18:15:33 [SERVER] Move requested by uria (BLACK) in room RM-1001 from (3,4) to (4,3).
2026-07-21 18:16:40 [SERVER] Move requested by shira (WHITE) in room RM-1001 from (4,4) to (3,4).
2026-07-21 18:16:50 [SERVER] Move requested by uria (BLACK) in room RM-1001 from (2,5) to (3,4).
2026-07-21 18:17:05 [SERVER] Move requested by uria (BLACK) in room RM-1001 from (1,7) to (3,7).
2026-07-21 18:18:14 [SERVER] Move requested by shira (WHITE) in room RM-1001 from (6,2) to (4,2).
2026-07-21 18:18:17 [SERVER] Move requested by uria (BLACK) in room RM-1001 from (0,5) to (3,2).
2026-07-21 18:18:25 [SERVER] Move requested by shira (WHITE) in room RM-1001 from (6,1) to (4,1).
2026-07-21 18:18:41 [SERVER] Move requested by uria (BLACK) in room RM-1001 from (3,2) to (4,1).
2026-07-21 18:19:05 [SERVER] Move requested by uria (BLACK) in room RM-1001 from (4,1) to (7,4).
2026-07-21 18:19:07 [SERVER] Room RM-1001 game over! Winner: uria
2026-07-21 18:29:01 [SERVER] Player shira created room RM-1001 ("E") as WHITE.
2026-07-21 18:29:05 [SERVER] Player uria joined room RM-1001 as BLACK. Game started!
2026-07-21 18:29:13 [SERVER] Move requested by shira (WHITE) in room RM-1001 from (6,4) to (4,4).
2026-07-21 18:29:16 [SERVER] Move requested by uria (BLACK) in room RM-1001 from (1,5) to (3,5).
2026-07-21 18:29:17 [SERVER] Move requested by uria (BLACK) in room RM-1001 from (1,3) to (2,3).
2026-07-21 18:29:18 [SERVER] Move requested by uria (BLACK) in room RM-1001 from (1,4) to (2,4).
2026-07-21 18:29:19 [SERVER] Move requested by uria (BLACK) in room RM-1001 from (1,7) to (3,7).
2026-07-21 18:29:22 [SERVER] Move requested by shira (WHITE) in room RM-1001 from (6,7) to (5,7).
2026-07-21 18:29:23 [SERVER] Move requested by shira (WHITE) in room RM-1001 from (6,6) to (5,6).
2026-07-21 18:29:24 [SERVER] Move requested by shira (WHITE) in room RM-1001 from (6,5) to (5,5).
2026-07-21 18:29:25 [SERVER] Move requested by shira (WHITE) in room RM-1001 from (6,2) to (5,2).
2026-07-21 18:29:26 [SERVER] Move requested by shira (WHITE) in room RM-1001 from (6,1) to (3,1).
2026-07-21 18:29:27 [SERVER] Move requested by shira (WHITE) in room RM-1001 from (7,2) to (6,2).
2026-07-21 18:29:29 [SERVER] Move requested by shira (WHITE) in room RM-1001 from (7,4) to (6,4).
2026-07-21 18:29:35 [SERVER] Move requested by uria (BLACK) in room RM-1001 from (2,3) to (3,3).
2026-07-21 18:29:38 [SERVER] Move requested by uria (BLACK) in room RM-1001 from (0,5) to (3,2).
2026-07-21 18:29:51 [SERVER] Move requested by uria (BLACK) in room RM-1001 from (1,1) to (2,1).
2026-07-21 18:29:57 [SERVER] Move requested by uria (BLACK) in room RM-1001 from (0,2) to (2,0).
2026-07-21 18:30:15 [SERVER] Move requested by uria (BLACK) in room RM-1001 from (2,0) to (6,4).
2026-07-21 18:30:18 [SERVER] Room RM-1001 game over! Winner: uria
2026-07-21 18:34:54 [SERVER] Player shira created room RM-1001 ("T") as WHITE.
2026-07-21 18:34:58 [SERVER] Player uria joined room RM-1001 as BLACK. Game started!
2026-07-21 18:35:13 [SERVER] Move requested by shira (WHITE) in room RM-1001 from (6,6) to (3,6).
2026-07-21 18:35:14 [SERVER] Move requested by shira (WHITE) in room RM-1001 from (6,6) to (4,6).
2026-07-21 18:35:19 [SERVER] Move requested by uria (BLACK) in room RM-1001 from (1,5) to (3,5).
2026-07-21 18:35:24 [SERVER] Move requested by shira (WHITE) in room RM-1001 from (6,4) to (4,4).
2026-07-21 18:35:26 [SERVER] Move requested by shira (WHITE) in room RM-1001 from (6,3) to (4,3).
2026-07-21 18:35:28 [SERVER] Move requested by shira (WHITE) in room RM-1001 from (7,5) to (5,7).
2026-07-21 18:35:32 [SERVER] Move requested by shira (WHITE) in room RM-1001 from (4,6) to (3,5).
2026-07-21 18:35:40 [SERVER] Move requested by uria (BLACK) in room RM-1001 from (0,4) to (1,5).
2026-07-21 18:35:45 [SERVER] Move requested by shira (WHITE) in room RM-1001 from (5,7) to (4,6).
2026-07-21 18:35:53 [SERVER] Move requested by shira (WHITE) in room RM-1001 from (3,5) to (2,5).
2026-07-21 18:36:00 [SERVER] Move requested by shira (WHITE) in room RM-1001 from (4,6) to (3,7).
2026-07-21 18:36:04 [SERVER] Move requested by shira (WHITE) in room RM-1001 from (4,4) to (3,4).
2026-07-21 18:36:06 [SERVER] Move requested by shira (WHITE) in room RM-1001 from (4,3) to (3,3).
2026-07-21 18:36:08 [SERVER] Move requested by shira (WHITE) in room RM-1001 from (7,3) to (4,6).
2026-07-21 18:36:15 [SERVER] Move requested by shira (WHITE) in room RM-1001 from (3,7) to (1,5).
2026-07-21 18:36:16 [SERVER] Room RM-1001 game over! Winner: shira
2026-07-21 18:51:57 [SERVER] Player uria created room RM-1001 ("Q") as WHITE.
2026-07-21 18:52:06 [SERVER] Player shira joined room RM-1001 as BLACK. Game started!
2026-07-21 18:52:17 [SERVER] Move requested by shira (BLACK) in room RM-1001 from (1,5) to (3,5).
2026-07-21 18:52:28 [SERVER] Move requested by uria (WHITE) in room RM-1001 from (6,6) to (4,6).
2026-07-21 18:52:34 [SERVER] Move requested by uria (WHITE) in room RM-1001 from (6,4) to (4,4).
2026-07-21 18:52:36 [SERVER] Move requested by uria (WHITE) in room RM-1001 from (7,4) to (6,4).
2026-07-21 18:52:40 [SERVER] Move requested by shira (BLACK) in room RM-1001 from (1,4) to (2,4).
2026-07-21 18:52:43 [SERVER] Move requested by shira (BLACK) in room RM-1001 from (0,4) to (1,4).
2026-07-21 18:52:52 [SERVER] Move requested by uria (WHITE) in room RM-1001 from (6,1) to (5,1).
2026-07-21 18:52:54 [SERVER] Move requested by uria (WHITE) in room RM-1001 from (7,2) to (5,0).
2026-07-21 18:53:21 [SERVER] Move requested by uria (WHITE) in room RM-1001 from (5,0) to (1,4).
2026-07-21 18:53:24 [SERVER] Room RM-1001 game over! Winner: uria
2026-07-21 21:56:14 [SERVER] Player uria failed to join room y (Not Found).
2026-07-21 21:56:24 [SERVER] Player uria created room RM-1001 ("u") as WHITE.
2026-07-21 21:56:28 [SERVER] Player shira joined room RM-1001 as BLACK. Game started!
2026-07-21 21:56:36 [SERVER] Move requested by uria (WHITE) in room RM-1001 from (6,5) to (4,5).
2026-07-21 21:56:43 [SERVER] Move requested by shira (BLACK) in room RM-1001 from (1,4) to (2,4).
2026-07-21 21:56:46 [SERVER] Move requested by shira (BLACK) in room RM-1001 from (0,5) to (2,3).
2026-07-21 21:56:56 [SERVER] Move requested by uria (WHITE) in room RM-1001 from (7,4) to (6,5).
2026-07-21 21:56:59 [SERVER] Move requested by uria (WHITE) in room RM-1001 from (4,5) to (3,5).
2026-07-21 21:57:12 [SERVER] Move requested by uria (WHITE) in room RM-1001 from (6,5) to (5,6).
2026-07-21 21:57:16 [SERVER] Move requested by shira (BLACK) in room RM-1001 from (2,3) to (5,6).
2026-07-21 21:57:18 [SERVER] Room RM-1001 game over! Winner: shira
2026-07-21 22:00:07 [SERVER] Player shira created room RM-1001 ("u") as WHITE.
2026-07-21 22:00:14 [SERVER] Player uria joined room RM-1001 as BLACK. Game started!
2026-07-21 22:00:21 [SERVER] Move requested by uria (BLACK) in room RM-1001 from (1,4) to (2,4).
2026-07-21 22:00:24 [SERVER] Move requested by uria (BLACK) in room RM-1001 from (0,5) to (4,1).
2026-07-21 22:00:49 [SERVER] Move requested by shira (WHITE) in room RM-1001 from (6,3) to (4,3).
2026-07-21 22:00:59 [SERVER] Move requested by uria (BLACK) in room RM-1001 from (4,1) to (7,4).
2026-07-21 22:01:02 [SERVER] Room RM-1001 game over! Winner: uria
2026-07-21 22:22:58 [SERVER] Player shira created room RM-1001 ("'") as WHITE.
2026-07-21 22:23:02 [SERVER] Player uria joined room RM-1001 as BLACK. Game started!
2026-07-21 22:23:21 [SERVER] Move requested by shira (WHITE) in room RM-1001 from (6,3) to (4,3).
2026-07-21 22:23:23 [SERVER] Move requested by uria (BLACK) in room RM-1001 from (1,4) to (3,4).
2026-07-21 22:23:29 [SERVER] Move requested by uria (BLACK) in room RM-1001 from (0,5) to (4,1).
2026-07-21 22:23:59 [SERVER] Move requested by uria (BLACK) in room RM-1001 from (4,1) to (7,4).
2026-07-21 22:24:01 [SERVER] Room RM-1001 game over! Winner: uria
2026-07-21 22:28:01 [SERVER] Player shira created room RM-1001 ("E") as WHITE.
2026-07-21 22:28:05 [SERVER] Player uria joined room RM-1001 as BLACK. Game started!
2026-07-21 22:28:13 [SERVER] Move requested by shira (WHITE) in room RM-1001 from (6,3) to (4,3).
2026-07-21 22:28:16 [SERVER] Move requested by uria (BLACK) in room RM-1001 from (1,1) to (3,1).
2026-07-21 22:28:23 [SERVER] Move requested by uria (BLACK) in room RM-1001 from (0,2) to (0,4).
2026-07-21 22:28:35 [SERVER] Move requested by uria (BLACK) in room RM-1001 from (1,4) to (3,4).
2026-07-21 22:28:38 [SERVER] Move requested by uria (BLACK) in room RM-1001 from (0,5) to (4,1).
2026-07-21 22:29:01 [SERVER] Move requested by shira (WHITE) in room RM-1001 from (4,3) to (3,4).
2026-07-21 22:29:25 [SERVER] Move requested by shira (WHITE) in room RM-1001 from (6,6) to (4,6).
2026-07-21 22:29:50 [SERVER] Move requested by shira (WHITE) in room RM-1001 from (7,5) to (6,6).
2026-07-21 22:30:25 [SERVER] Move requested by uria (BLACK) in room RM-1001 from (4,1) to (7,4).
2026-07-21 22:30:27 [SERVER] Room RM-1001 game over! Winner: uria
2026-07-21 22:56:54 [SERVER] Player shira created room RM-1001 ("W") as WHITE.
2026-07-21 22:57:01 [SERVER] Player uria joined room RM-1001 as BLACK. Game started!
2026-07-21 22:57:07 [SERVER] Move requested by shira (WHITE) in room RM-1001 from (6,3) to (4,3).
2026-07-21 22:57:17 [SERVER] Move requested by uria (BLACK) in room RM-1001 from (1,4) to (3,4).
2026-07-21 22:57:20 [SERVER] Move requested by uria (BLACK) in room RM-1001 from (0,5) to (4,1).
2026-07-21 22:57:32 [SERVER] Move requested by uria (BLACK) in room RM-1001 from (4,1) to (7,4).
2026-07-21 22:57:34 [SERVER] Room RM-1001 game over! Winner: uria
2026-07-21 23:05:19 [SERVER] Player shira created room RM-1001 ("Q") as WHITE.
2026-07-21 23:05:23 [SERVER] Player uria joined room RM-1001 as BLACK. Game started!
2026-07-21 23:05:29 [SERVER] Move requested by shira (WHITE) in room RM-1001 from (6,3) to (4,3).
2026-07-21 23:05:34 [SERVER] Move requested by uria (BLACK) in room RM-1001 from (1,1) to (3,1).
2026-07-21 23:05:38 [SERVER] Move requested by uria (BLACK) in room RM-1001 from (1,4) to (3,4).
2026-07-21 23:05:41 [SERVER] Move requested by uria (BLACK) in room RM-1001 from (0,5) to (4,1).
2026-07-21 23:06:06 [SERVER] Move requested by uria (BLACK) in room RM-1001 from (4,1) to (7,4).
2026-07-21 23:06:09 [SERVER] Room RM-1001 game over! Winner: uria
2026-07-21 23:07:26 [SERVER] Player shira created room RM-1001 ("W") as WHITE.
2026-07-21 23:07:30 [SERVER] Player uria joined room RM-1001 as BLACK. Game started!
2026-07-21 23:07:36 [SERVER] Move requested by uria (BLACK) in room RM-1001 from (1,4) to (3,4).
2026-07-21 23:07:40 [SERVER] Move requested by shira (WHITE) in room RM-1001 from (6,3) to (4,3).
2026-07-21 23:08:01 [SERVER] Move requested by uria (BLACK) in room RM-1001 from (0,5) to (4,1).
2026-07-21 23:08:25 [SERVER] Move requested by uria (BLACK) in room RM-1001 from (4,1) to (7,4).
2026-07-21 23:08:27 [SERVER] Room RM-1001 game over! Winner: uria
2026-07-21 23:16:54 [SERVER] Player shira created room RM-1001 ("W") as WHITE.
2026-07-21 23:17:05 [SERVER] Player uria joined room RM-1001 as BLACK. Game started!
2026-07-21 23:17:21 [SERVER] Move requested by uria (BLACK) in room RM-1001 from (1,4) to (3,4).
2026-07-21 23:17:24 [SERVER] Move requested by uria (BLACK) in room RM-1001 from (0,5) to (4,1).
2026-07-21 23:17:26 [SERVER] Move requested by shira (WHITE) in room RM-1001 from (6,4) to (4,4).
2026-07-21 23:17:27 [SERVER] Move requested by shira (WHITE) in room RM-1001 from (6,3) to (4,3).
2026-07-21 23:17:50 [SERVER] Move requested by uria (BLACK) in room RM-1001 from (4,1) to (7,4).
2026-07-21 23:17:52 [SERVER] Room RM-1001 game over! Winner: uria
2026-07-21 23:28:49 [SERVER] Player shira created room RM-1001 ("the_best_game") as WHITE.
2026-07-21 23:28:58 [SERVER] Player uria joined room RM-1001 as BLACK. Game started!
2026-07-21 23:29:12 [SERVER] Player yael joined room RM-1001 as VIEWER (Spectator Mode).
2026-07-21 23:29:43 [SERVER] Move requested by shira (WHITE) in room RM-1001 from (6,4) to (4,4).
2026-07-21 23:29:50 [SERVER] Move requested by shira (WHITE) in room RM-1001 from (6,3) to (4,3).
2026-07-21 23:29:54 [SERVER] Move requested by uria (BLACK) in room RM-1001 from (1,4) to (3,4).
2026-07-21 23:29:56 [SERVER] Move requested by uria (BLACK) in room RM-1001 from (0,5) to (4,1).
2026-07-21 23:30:12 [SERVER] Move requested by shira (WHITE) in room RM-1001 from (4,3) to (3,4).
2026-07-21 23:30:28 [SERVER] Move requested by shira (WHITE) in room RM-1001 from (3,4) to (2,4).
2026-07-21 23:30:33 [SERVER] Move requested by uria (BLACK) in room RM-1001 from (4,1) to (7,4).
2026-07-21 23:30:35 [SERVER] Room RM-1001 game over! Winner: uria
